<?xml version="1.0" encoding="UTF-8"?>
<testsuite xmlns:xsi="http://www.w3.org/2001/XMLSchema-instance" xsi:noNamespaceSchemaLocation="https://maven.apache.org/surefire/maven-surefire-plugin/xsd/surefire-test-report-3.0.xsd" version="3.0" name="org.acme.quickstart.GreetingResourceTest" time="4.051" tests="1" errors="0" skipped="0" failures="0">
  <properties>
[...]
</properties>
  <testcase name="testHelloEndpoint" classname="org.acme.quickstart.GreetingResourceTest" time="1.059">
    <system-out><![CDATA[2021-05-13 13:21:43,713 INFO  [io.quarkus] (main) Quarkus 1.11.6.Final-redhat-00001 on JVM started in 1.328s. Listening on: http://localhost:8081
2021-05-13 13:21:43,714 INFO  [io.quarkus] (main) Profile test activated. 
2021-05-13 13:21:43,714 INFO  [io.quarkus] (main) Installed features: [cdi, kubernetes, resteasy]
]]></system-out>
  </testcase>
</testsuite>